glusupport.obj : error LNK2001: __imp____glewAttachShader 외부 기호를 확인할 수 없습니다.
glusupport.obj : error LNK2001: __imp____glewCompileShader 외부 기호를 확인할 수 없습니다.
glusupport.obj : error LNK2001: __imp____glewCreateProgram 외부 기호를 확인할 수 없습니다.
glusupport.obj : error LNK2001: __imp____glewCreateShader 외부 기호를 확인할 수 없습니다.
glusupport.obj : error LNK2001: __imp____glewDeleteShader 외부 기호를 확인할 수 없습니다.
glusupport.obj : error LNK2001: __imp____glewGetShaderInfoLog 외부 기호를 확인할 수 없습니다.
glusupport.obj : error LNK2001: __imp____glewGetShaderiv 외부 기호를 확인할 수 없습니다.
glusupport.obj : error LNK2001: __imp____glewLinkProgram 외부 기호를 확인할 수 없습니다.
glusupport.obj : error LNK2001: __imp____glewShaderSource 외부 기호를 확인할 수 없습니다.
midterm20160392.obj : error LNK2019: __imp__glewInit@0 외부 기호(참조 위치: _main 함수)에서 확인하지 못했습니다.
midterm20160392.obj : error LNK2019: __imp__glutInitWindowSize@8 외부 기호(참조 위치: _main 함수)에서 확인하지 못했습니다.
midterm20160392.obj : error LNK2019: __imp__glutInitDisplayMode@4 외부 기호(참조 위치: _main 함수)에서 확인하지 못했습니다.
midterm20160392.obj : error LNK2019: __imp__glutMainLoop@0 외부 기호(참조 위치: _main 함수)에서 확인하지 못했습니다.
midterm20160392.obj : error LNK2019: __imp__glutPostRedisplay@0 외부 기호(참조 위치: "void __cdecl idle(void)" (?idle@@YAXXZ) 함수)에서 확인하지 못했습니다.
midterm20160392.obj : error LNK2019: __imp__glutSwapBuffers@0 외부 기호(참조 위치: "void __cdecl render(void)" (?render@@YAXXZ) 함수)에서 확인하지 못했습니다.
midterm20160392.obj : error LNK2019: __imp__glutIdleFunc@4 외부 기호(참조 위치: _main 함수)에서 확인하지 못했습니다.
midterm20160392.obj : error LNK2019: __imp__glutDisplayFunc@4 외부 기호(참조 위치: _main 함수)에서 확인하지 못했습니다.
midterm20160392.obj : error LNK2019: __imp____glutInitWithExit@12 외부 기호(참조 위치: _glutInit_ATEXIT_HACK@8 함수)에서 확인하지 못했습니다.
midterm20160392.obj : error LNK2019: __imp____glutCreateWindowWithExit@8 외부 기호(참조 위치: _glutCreateWindow_ATEXIT_HACK@4 함수)에서 확인하지 못했습니다.
midterm20160392.obj : error LNK2001: __imp____glewDeleteProgram 외부 기호를 확인할 수 없습니다.
midterm20160392.obj : error LNK2001: __imp____glewGetUniformLocation 외부 기호를 확인할 수 없습니다.
midterm20160392.obj : error LNK2001: __imp____glewUniform4f 외부 기호를 확인할 수 없습니다.
midterm20160392.obj : error LNK2001: __imp____glewUniformMatrix4fv 외부 기호를 확인할 수 없습니다.
midterm20160392.obj : error LNK2001: __imp____glewUseProgram 외부 기호를 확인할 수 없습니다.
midterm20160392.obj : error LNK2001: __imp____glewBindVertexArray 외부 기호를 확인할 수 없습니다.
vbocube.obj : error LNK2001: __imp____glewBindVertexArray 외부 기호를 확인할 수 없습니다.
vboplane.obj : error LNK2001: __imp____glewBindVertexArray 외부 기호를 확인할 수 없습니다.
midterm20160392.obj : error LNK2001: __imp____glewDeleteVertexArrays 외부 기호를 확인할 수 없습니다.
midterm20160392.obj : error LNK2001: __imp____glewGenVertexArrays 외부 기호를 확인할 수 없습니다.
vbocube.obj : error LNK2001: __imp____glewGenVertexArrays 외부 기호를 확인할 수 없습니다.
vboplane.obj : error LNK2001: __imp____glewGenVertexArrays 외부 기호를 확인할 수 없습니다.
vbocube.obj : error LNK2001: __imp____glewBindBuffer 외부 기호를 확인할 수 없습니다.
vboplane.obj : error LNK2001: __imp____glewBindBuffer 외부 기호를 확인할 수 없습니다.
vbocube.obj : error LNK2001: __imp____glewBufferData 외부 기호를 확인할 수 없습니다.
vboplane.obj : error LNK2001: __imp____glewBufferData 외부 기호를 확인할 수 없습니다.
vbocube.obj : error LNK2001: __imp____glewGenBuffers 외부 기호를 확인할 수 없습니다.
vboplane.obj : error LNK2001: __imp____glewGenBuffers 외부 기호를 확인할 수 없습니다.
vbocube.obj : error LNK2001: __imp____glewEnableVertexAttribArray 외부 기호를 확인할 수 없습니다.
vboplane.obj : error LNK2001: __imp____glewEnableVertexAttribArray 외부 기호를 확인할 수 없습니다.
vbocube.obj : error LNK2001: __imp____glewVertexAttribPointer 외부 기호를 확인할 수 없습니다.
vboplane.obj : error LNK2001: __imp____glewVertexAttribPointer 외부 기호를 확인할 수 없습니다.
lib\freeglut.lib : warning LNK4272: 'x64' 라이브러리 컴퓨터 종류가 'x86' 대상 컴퓨터 종류와 충돌합니다.
lib\glew32.lib : warning LNK4272: 'x64' 라이브러리 컴퓨터 종류가 'x86' 대상 컴퓨터 종류와 충돌합니다.
C:\Users\user\Desktop\그래픽스\Midterm\Midterm\Debug\Midterm.exe : fatal error LNK1120: 32개의 확인할 수 없는 외부 참조입니다.
